<?xml version="1.0" encoding="UTF-8"?>
<testsuite xmlns:xsi="http://www.w3.org/2001/XMLSchema-instance" xsi:noNamespaceSchemaLocation="https://maven.apache.org/surefire/maven-surefire-plugin/xsd/surefire-test-report.xsd" version="3.0.2" name="com.ariae.RadixTrieTest" time="0.116" tests="5" errors="0" skipped="0" failures="0">
  <properties>
[...]
</properties>
  <testcase name="testBasicOperations" classname="com.ariae.RadixTrieTest" time="0.031"/>
  <testcase name="testNodeSplitting" classname="com.ariae.RadixTrieTest" time="0.001"/>
  <testcase name="testConcurrentAccess" classname="com.ariae.RadixTrieTest" time="0.048"/>
  <testcase name="testNullKey" classname="com.ariae.RadixTrieTest" time="0.006"/>
  <testcase name="testEmptyKey" classname="com.ariae.RadixTrieTest" time="0.002"/>
</testsuite>